INFO:httpx:HTTP Request: POST https://api.telegram.org/botYOUR_REAL_BOT_TOKEN_HERE/getMe "HTTP/1.1 404 Not Found"
ERROR:telegram.ext:Network Retry Loop (Bootstrap Initialize Application): Invalid token. Aborting retry loop.
Traceback (most recent call last):
  File "/Users/kareemauguste/Documents/EmpireBot/venv/lib/python3.13/site-packages/telegram/_bot.py", line 844, in initialize
    await self.get_me()
  File "/Users/kareemauguste/Documents/EmpireBot/venv/lib/python3.13/site-packages/telegram/ext/_extbot.py", line 1980, in get_me
    return await super().get_me(
           ^^^^^^^^^^^^^^^^^^^^^
    ...<5 lines>...
    )
    ^
  File "/Users/kareemauguste/Documents/EmpireBot/venv/lib/python3.13/site-packages/telegram/_bot.py", line 975, in get_me
    result = await self._post(
             ^^^^^^^^^^^^^^^^^
    ...<6 lines>...
    )
    ^
  File "/Users/kareemauguste/Documents/EmpireBot/venv/lib/python3.13/site-packages/telegram/_bot.py", line 697, in _post
    return await self._do_post(
           ^^^^^^^^^^^^^^^^^^^^
    ...<6 lines>...
    )
    ^
  File "/Users/kareemauguste/Documents/EmpireBot/venv/lib/python3.13/site-packages/telegram/ext/_extbot.py", line 369, in _do_post
    return await super()._do_post(
           ^^^^^^^^^^^^^^^^^^^^^^^
    ...<6 lines>...
    )
    ^
  File "/Users/kareemauguste/Documents/EmpireBot/venv/lib/python3.13/site-packages/telegram/_bot.py", line 726, in _do_post
    result = await request.post(
             ^^^^^^^^^^^^^^^^^^^
    ...<6 lines>...
    )
    ^
  File "/Users/kareemauguste/Documents/EmpireBot/venv/lib/python3.13/site-packages/telegram/request/_baserequest.py", line 197, in post
    result = await self._request_wrapper(
             ^^^^^^^^^^^^^^^^^^^^^^^^^^^^
    ...<7 lines>...
    )
    ^
  File "/Users/kareemauguste/Documents/EmpireBot/venv/lib/python3.13/site-packages/telegram/request/_baserequest.py", line 351, in _request_wrapper
    raise InvalidToken(message)
telegram.error.InvalidToken: Not Found

The above exception was the direct cause of the following exception:

Traceback (most recent call last):
  File "/Users/kareemauguste/Documents/EmpireBot/venv/lib/python3.13/site-packages/telegram/ext/_utils/networkloop.py", line 115, in network_retry_loop
    if not await do_action():
           ^^^^^^^^^^^^^^^^^
  File "/Users/kareemauguste/Documents/EmpireBot/venv/lib/python3.13/site-packages/telegram/ext/_utils/networkloop.py", line 93, in do_action
    return await action_cb()
           ^^^^^^^^^^^^^^^^^
  File "/Users/kareemauguste/Documents/EmpireBot/venv/lib/python3.13/site-packages/telegram/ext/_application.py", line 486, in initialize
    await self.bot.initialize()
  File "/Users/kareemauguste/Documents/EmpireBot/venv/lib/python3.13/site-packages/telegram/ext/_extbot.py", line 315, in initialize
    await super().initialize()
  File "/Users/kareemauguste/Documents/EmpireBot/venv/lib/python3.13/site-packages/telegram/_bot.py", line 846, in initialize
    raise InvalidToken(f"The token `{self._token}` was rejected by the server.") from exc
telegram.error.InvalidToken: The token `YOUR_REAL_BOT_TOKEN_HERE` was rejected by the server.
2025-06-05 06:18:38,517 - INFO - HTTP Request: POST https://api.telegram.org/botYOUR_REAL_BOT_TOKEN_HERE/getMe "HTTP/1.1 404 Not Found"
2025-06-05 06:18:38,520 - ERROR - Network Retry Loop (Bootstrap Initialize Application): Invalid token. Aborting retry loop.
Traceback (most recent call last):
  File "/Users/kareemauguste/Documents/EmpireBot/venv/lib/python3.13/site-packages/telegram/_bot.py", line 844, in initialize
    await self.get_me()
  File "/Users/kareemauguste/Documents/EmpireBot/venv/lib/python3.13/site-packages/telegram/ext/_extbot.py", line 1980, in get_me
    return await super().get_me(
           ^^^^^^^^^^^^^^^^^^^^^
    ...<5 lines>...
    )
    ^
  File "/Users/kareemauguste/Documents/EmpireBot/venv/lib/python3.13/site-packages/telegram/_bot.py", line 975, in get_me
    result = await self._post(
             ^^^^^^^^^^^^^^^^^
    ...<6 lines>...
    )
    ^
  File "/Users/kareemauguste/Documents/EmpireBot/venv/lib/python3.13/site-packages/telegram/_bot.py", line 697, in _post
    return await self._do_post(
           ^^^^^^^^^^^^^^^^^^^^
    ...<6 lines>...
    )
    ^
  File "/Users/kareemauguste/Documents/EmpireBot/venv/lib/python3.13/site-packages/telegram/ext/_extbot.py", line 369, in _do_post
    return await super()._do_post(
           ^^^^^^^^^^^^^^^^^^^^^^^
    ...<6 lines>...
    )
    ^
  File "/Users/kareemauguste/Documents/EmpireBot/venv/lib/python3.13/site-packages/telegram/_bot.py", line 726, in _do_post
    result = await request.post(
             ^^^^^^^^^^^^^^^^^^^
    ...<6 lines>...
    )
    ^
  File "/Users/kareemauguste/Documents/EmpireBot/venv/lib/python3.13/site-packages/telegram/request/_baserequest.py", line 197, in post
    result = await self._request_wrapper(
             ^^^^^^^^^^^^^^^^^^^^^^^^^^^^
    ...<7 lines>...
    )
    ^
  File "/Users/kareemauguste/Documents/EmpireBot/venv/lib/python3.13/site-packages/telegram/request/_baserequest.py", line 351, in _request_wrapper
    raise InvalidToken(message)
telegram.error.InvalidToken: Not Found

The above exception was the direct cause of the following exception:

Traceback (most recent call last):
  File "/Users/kareemauguste/Documents/EmpireBot/venv/lib/python3.13/site-packages/telegram/ext/_utils/networkloop.py", line 115, in network_retry_loop
    if not await do_action():
           ^^^^^^^^^^^^^^^^^
  File "/Users/kareemauguste/Documents/EmpireBot/venv/lib/python3.13/site-packages/telegram/ext/_utils/networkloop.py", line 93, in do_action
    return await action_cb()
           ^^^^^^^^^^^^^^^^^
  File "/Users/kareemauguste/Documents/EmpireBot/venv/lib/python3.13/site-packages/telegram/ext/_application.py", line 486, in initialize
    await self.bot.initialize()
  File "/Users/kareemauguste/Documents/EmpireBot/venv/lib/python3.13/site-packages/telegram/ext/_extbot.py", line 315, in initialize
    await super().initialize()
  File "/Users/kareemauguste/Documents/EmpireBot/venv/lib/python3.13/site-packages/telegram/_bot.py", line 846, in initialize
    raise InvalidToken(f"The token `{self._token}` was rejected by the server.") from exc
telegram.error.InvalidToken: The token `YOUR_REAL_BOT_TOKEN_HERE` was rejected by the server.
2025-06-05 06:27:39,425 - INFO - HTTP Request: POST https://api.telegram.org/botYOUR_REAL_BOT_TOKEN_HERE/getMe "HTTP/1.1 404 Not Found"
2025-06-05 06:27:39,426 - ERROR - Network Retry Loop (Bootstrap Initialize Application): Invalid token. Aborting retry loop.
Traceback (most recent call last):
  File "/Users/kareemauguste/Documents/EmpireBot/venv/lib/python3.13/site-packages/telegram/_bot.py", line 844, in initialize
    await self.get_me()
  File "/Users/kareemauguste/Documents/EmpireBot/venv/lib/python3.13/site-packages/telegram/ext/_extbot.py", line 1980, in get_me
    return await super().get_me(
           ^^^^^^^^^^^^^^^^^^^^^
    ...<5 lines>...
    )
    ^
  File "/Users/kareemauguste/Documents/EmpireBot/venv/lib/python3.13/site-packages/telegram/_bot.py", line 975, in get_me
    result = await self._post(
             ^^^^^^^^^^^^^^^^^
    ...<6 lines>...
    )
    ^
  File "/Users/kareemauguste/Documents/EmpireBot/venv/lib/python3.13/site-packages/telegram/_bot.py", line 697, in _post
    return await self._do_post(
           ^^^^^^^^^^^^^^^^^^^^
    ...<6 lines>...
    )
    ^
  File "/Users/kareemauguste/Documents/EmpireBot/venv/lib/python3.13/site-packages/telegram/ext/_extbot.py", line 369, in _do_post
    return await super()._do_post(
           ^^^^^^^^^^^^^^^^^^^^^^^
    ...<6 lines>...
    )
    ^
  File "/Users/kareemauguste/Documents/EmpireBot/venv/lib/python3.13/site-packages/telegram/_bot.py", line 726, in _do_post
    result = await request.post(
             ^^^^^^^^^^^^^^^^^^^
    ...<6 lines>...
    )
    ^
  File "/Users/kareemauguste/Documents/EmpireBot/venv/lib/python3.13/site-packages/telegram/request/_baserequest.py", line 197, in post
    result = await self._request_wrapper(
             ^^^^^^^^^^^^^^^^^^^^^^^^^^^^
    ...<7 lines>...
    )
    ^
  File "/Users/kareemauguste/Documents/EmpireBot/venv/lib/python3.13/site-packages/telegram/request/_baserequest.py", line 351, in _request_wrapper
    raise InvalidToken(message)
telegram.error.InvalidToken: Not Found

The above exception was the direct cause of the following exception:

Traceback (most recent call last):
  File "/Users/kareemauguste/Documents/EmpireBot/venv/lib/python3.13/site-packages/telegram/ext/_utils/networkloop.py", line 115, in network_retry_loop
    if not await do_action():
           ^^^^^^^^^^^^^^^^^
  File "/Users/kareemauguste/Documents/EmpireBot/venv/lib/python3.13/site-packages/telegram/ext/_utils/networkloop.py", line 93, in do_action
    return await action_cb()
           ^^^^^^^^^^^^^^^^^
  File "/Users/kareemauguste/Documents/EmpireBot/venv/lib/python3.13/site-packages/telegram/ext/_application.py", line 486, in initialize
    await self.bot.initialize()
  File "/Users/kareemauguste/Documents/EmpireBot/venv/lib/python3.13/site-packages/telegram/ext/_extbot.py", line 315, in initialize
    await super().initialize()
  File "/Users/kareemauguste/Documents/EmpireBot/venv/lib/python3.13/site-packages/telegram/_bot.py", line 846, in initialize
    raise InvalidToken(f"The token `{self._token}` was rejected by the server.") from exc
telegram.error.InvalidToken: The token `YOUR_REAL_BOT_TOKEN_HERE` was rejected by the server.
2025-06-05 06:33:35,962 - INFO - HTTP Request: POST https://api.telegram.org/botYOUR_REAL_BOT_TOKEN_HERE/getMe "HTTP/1.1 404 Not Found"
2025-06-05 06:33:35,965 - ERROR - Network Retry Loop (Bootstrap Initialize Application): Invalid token. Aborting retry loop.
Traceback (most recent call last):
  File "/Users/kareemauguste/Documents/EmpireBot/venv/lib/python3.13/site-packages/telegram/_bot.py", line 844, in initialize
    await self.get_me()
  File "/Users/kareemauguste/Documents/EmpireBot/venv/lib/python3.13/site-packages/telegram/ext/_extbot.py", line 1980, in get_me
    return await super().get_me(
           ^^^^^^^^^^^^^^^^^^^^^
    ...<5 lines>...
    )
    ^
  File "/Users/kareemauguste/Documents/EmpireBot/venv/lib/python3.13/site-packages/telegram/_bot.py", line 975, in get_me
    result = await self._post(
             ^^^^^^^^^^^^^^^^^
    ...<6 lines>...
    )
    ^
  File "/Users/kareemauguste/Documents/EmpireBot/venv/lib/python3.13/site-packages/telegram/_bot.py", line 697, in _post
    return await self._do_post(
           ^^^^^^^^^^^^^^^^^^^^
    ...<6 lines>...
    )
    ^
  File "/Users/kareemauguste/Documents/EmpireBot/venv/lib/python3.13/site-packages/telegram/ext/_extbot.py", line 369, in _do_post
    return await super()._do_post(
           ^^^^^^^^^^^^^^^^^^^^^^^
    ...<6 lines>...
    )
    ^
  File "/Users/kareemauguste/Documents/EmpireBot/venv/lib/python3.13/site-packages/telegram/_bot.py", line 726, in _do_post
    result = await request.post(
             ^^^^^^^^^^^^^^^^^^^
    ...<6 lines>...
    )
    ^
  File "/Users/kareemauguste/Documents/EmpireBot/venv/lib/python3.13/site-packages/telegram/request/_baserequest.py", line 197, in post
    result = await self._request_wrapper(
             ^^^^^^^^^^^^^^^^^^^^^^^^^^^^
    ...<7 lines>...
    )
    ^
  File "/Users/kareemauguste/Documents/EmpireBot/venv/lib/python3.13/site-packages/telegram/request/_baserequest.py", line 351, in _request_wrapper
    raise InvalidToken(message)
telegram.error.InvalidToken: Not Found

The above exception was the direct cause of the following exception:

Traceback (most recent call last):
  File "/Users/kareemauguste/Documents/EmpireBot/venv/lib/python3.13/site-packages/telegram/ext/_utils/networkloop.py", line 115, in network_retry_loop
    if not await do_action():
           ^^^^^^^^^^^^^^^^^
  File "/Users/kareemauguste/Documents/EmpireBot/venv/lib/python3.13/site-packages/telegram/ext/_utils/networkloop.py", line 93, in do_action
    return await action_cb()
           ^^^^^^^^^^^^^^^^^
  File "/Users/kareemauguste/Documents/EmpireBot/venv/lib/python3.13/site-packages/telegram/ext/_application.py", line 486, in initialize
    await self.bot.initialize()
  File "/Users/kareemauguste/Documents/EmpireBot/venv/lib/python3.13/site-packages/telegram/ext/_extbot.py", line 315, in initialize
    await super().initialize()
  File "/Users/kareemauguste/Documents/EmpireBot/venv/lib/python3.13/site-packages/telegram/_bot.py", line 846, in initialize
    raise InvalidToken(f"The token `{self._token}` was rejected by the server.") from exc
telegram.error.InvalidToken: The token `YOUR_REAL_BOT_TOKEN_HERE` was rejected by the server.
2025-06-05 10:32:43,000 - DEBUG - Set Bot API URL: https://api.telegram.org/botYOUR_BOT_TOKEN_HERE
2025-06-05 10:32:43,000 - DEBUG - Set Bot API File URL: https://api.telegram.org/file/botYOUR_BOT_TOKEN_HERE
2025-06-05 10:32:43,000 - INFO - ZariahBot is running...
2025-06-05 10:32:43,000 - DEBUG - Using selector: KqueueSelector
2025-06-05 10:32:43,001 - DEBUG - Network Retry Loop (Bootstrap Initialize Application): Starting
2025-06-05 10:32:43,001 - DEBUG - Calling Bot API endpoint `getMe` with parameters `{}`
2025-06-05 10:32:43,003 - DEBUG - connect_tcp.started host='api.telegram.org' port=443 local_address=None timeout=5.0 socket_options=None
2025-06-05 10:32:43,184 - DEBUG - connect_tcp.complete return_value=<httpcore._backends.anyio.AnyIOStream object at 0x106e90980>
2025-06-05 10:32:43,184 - DEBUG - start_tls.started ssl_context=<ssl.SSLContext object at 0x106e150a0> server_hostname='api.telegram.org' timeout=5.0
2025-06-05 10:32:43,319 - DEBUG - start_tls.complete return_value=<httpcore._backends.anyio.AnyIOStream object at 0x106dabd90>
2025-06-05 10:32:43,320 - DEBUG - send_request_headers.started request=<Request [b'POST']>
2025-06-05 10:32:43,320 - DEBUG - send_request_headers.complete
2025-06-05 10:32:43,320 - DEBUG - send_request_body.started request=<Request [b'POST']>
2025-06-05 10:32:43,321 - DEBUG - send_request_body.complete
2025-06-05 10:32:43,321 - DEBUG - receive_response_headers.started request=<Request [b'POST']>
2025-06-05 10:32:43,444 - DEBUG - receive_response_headers.complete return_value=(b'HTTP/1.1', 404, b'Not Found', [(b'Server', b'nginx/1.18.0'), (b'Date', b'Thu, 05 Jun 2025 14:32:43 GMT'), (b'Content-Type', b'application/json'), (b'Content-Length', b'55'), (b'Connection', b'keep-alive'), (b'Strict-Transport-Security', b'max-age=31536000; includeSubDomains; preload'), (b'Access-Control-Allow-Origin', b'*'), (b'Access-Control-Expose-Headers', b'Content-Length,Content-Type,Date,Server,Connection')])
2025-06-05 10:32:43,445 - INFO - HTTP Request: POST https://api.telegram.org/botYOUR_BOT_TOKEN_HERE/getMe "HTTP/1.1 404 Not Found"
2025-06-05 10:32:43,445 - DEBUG - receive_response_body.started request=<Request [b'POST']>
2025-06-05 10:32:43,445 - DEBUG - receive_response_body.complete
2025-06-05 10:32:43,445 - DEBUG - response_closed.started
2025-06-05 10:32:43,446 - DEBUG - response_closed.complete
2025-06-05 10:32:43,446 - ERROR - Network Retry Loop (Bootstrap Initialize Application): Invalid token. Aborting retry loop.
Traceback (most recent call last):
  File "/Users/kareemauguste/Documents/EmpireBot/venv/lib/python3.13/site-packages/telegram/_bot.py", line 844, in initialize
    await self.get_me()
  File "/Users/kareemauguste/Documents/EmpireBot/venv/lib/python3.13/site-packages/telegram/ext/_extbot.py", line 1980, in get_me
    return await super().get_me(
           ^^^^^^^^^^^^^^^^^^^^^
    ...<5 lines>...
    )
    ^
  File "/Users/kareemauguste/Documents/EmpireBot/venv/lib/python3.13/site-packages/telegram/_bot.py", line 975, in get_me
    result = await self._post(
             ^^^^^^^^^^^^^^^^^
    ...<6 lines>...
    )
    ^
  File "/Users/kareemauguste/Documents/EmpireBot/venv/lib/python3.13/site-packages/telegram/_bot.py", line 697, in _post
    return await self._do_post(
           ^^^^^^^^^^^^^^^^^^^^
    ...<6 lines>...
    )
    ^
  File "/Users/kareemauguste/Documents/EmpireBot/venv/lib/python3.13/site-packages/telegram/ext/_extbot.py", line 369, in _do_post
    return await super()._do_post(
           ^^^^^^^^^^^^^^^^^^^^^^^
    ...<6 lines>...
    )
    ^
  File "/Users/kareemauguste/Documents/EmpireBot/venv/lib/python3.13/site-packages/telegram/_bot.py", line 726, in _do_post
    result = await request.post(
             ^^^^^^^^^^^^^^^^^^^
    ...<6 lines>...
    )
    ^
  File "/Users/kareemauguste/Documents/EmpireBot/venv/lib/python3.13/site-packages/telegram/request/_baserequest.py", line 197, in post
    result = await self._request_wrapper(
             ^^^^^^^^^^^^^^^^^^^^^^^^^^^^
    ...<7 lines>...
    )
    ^
  File "/Users/kareemauguste/Documents/EmpireBot/venv/lib/python3.13/site-packages/telegram/request/_baserequest.py", line 351, in _request_wrapper
    raise InvalidToken(message)
telegram.error.InvalidToken: Not Found

The above exception was the direct cause of the following exception:

Traceback (most recent call last):
  File "/Users/kareemauguste/Documents/EmpireBot/venv/lib/python3.13/site-packages/telegram/ext/_utils/networkloop.py", line 115, in network_retry_loop
    if not await do_action():
           ^^^^^^^^^^^^^^^^^
  File "/Users/kareemauguste/Documents/EmpireBot/venv/lib/python3.13/site-packages/telegram/ext/_utils/networkloop.py", line 93, in do_action
    return await action_cb()
           ^^^^^^^^^^^^^^^^^
  File "/Users/kareemauguste/Documents/EmpireBot/venv/lib/python3.13/site-packages/telegram/ext/_application.py", line 486, in initialize
    await self.bot.initialize()
  File "/Users/kareemauguste/Documents/EmpireBot/venv/lib/python3.13/site-packages/telegram/ext/_extbot.py", line 315, in initialize
    await super().initialize()
  File "/Users/kareemauguste/Documents/EmpireBot/venv/lib/python3.13/site-packages/telegram/_bot.py", line 846, in initialize
    raise InvalidToken(f"The token `{self._token}` was rejected by the server.") from exc
telegram.error.InvalidToken: The token `YOUR_BOT_TOKEN_HERE` was rejected by the server.
2025-06-05 10:32:43,458 - DEBUG - This Application is already shut down. Returning.
2025-06-05 11:20:49,407 [INFO] HTTP Request: POST https://api.telegram.org/bot7329634509:AAEmdwnrE9wJ7kwDwGld-AIb1e7x2-8ROV0/getMe "HTTP/1.1 200 OK"
2025-06-05 11:20:49,536 [INFO] HTTP Request: POST https://api.telegram.org/bot7329634509:AAEmdwnrE9wJ7kwDwGld-AIb1e7x2-8ROV0/deleteWebhook "HTTP/1.1 200 OK"
2025-06-05 11:20:49,538 [INFO] Application started
2025-06-05 11:20:49,938 [INFO] HTTP Request: POST https://api.telegram.org/bot7329634509:AAEmdwnrE9wJ7kwDwGld-AIb1e7x2-8ROV0/getUpdates "HTTP/1.1 200 OK"
2025-06-05 11:20:49,942 [INFO] [ZARIAH] /deepseek BTC
2025-06-05 11:20:49,953 [INFO] [ZARIAH] DeepSeek response: {'action': 'BUY', 'confidence': 0.9, 'symbol': 'BTC', 'timestamp': '2025-06-05 11:20:49'}
2025-06-05 11:20:50,084 [INFO] HTTP Request: POST https://api.telegram.org/bot7329634509:AAEmdwnrE9wJ7kwDwGld-AIb1e7x2-8ROV0/sendMessage "HTTP/1.1 400 Bad Request"
2025-06-05 11:20:50,341 [INFO] HTTP Request: POST https://api.telegram.org/bot7329634509:AAEmdwnrE9wJ7kwDwGld-AIb1e7x2-8ROV0/sendMessage "HTTP/1.1 200 OK"
2025-06-05 11:20:50,341 [ERROR] [ZARIAH] DeepSeek failed: Can't parse entities: can't find end of the entity starting at byte offset 93
2025-06-05 11:20:50,341 [INFO] [ZARIAH] /deepseek BTC
2025-06-05 11:20:50,345 [INFO] [ZARIAH] DeepSeek response: {'action': 'SELL', 'confidence': 0.8, 'symbol': 'BTC', 'timestamp': '2025-06-05 11:20:50'}
2025-06-05 11:20:50,471 [INFO] HTTP Request: POST https://api.telegram.org/bot7329634509:AAEmdwnrE9wJ7kwDwGld-AIb1e7x2-8ROV0/sendMessage "HTTP/1.1 400 Bad Request"
2025-06-05 11:20:50,738 [INFO] HTTP Request: POST https://api.telegram.org/bot7329634509:AAEmdwnrE9wJ7kwDwGld-AIb1e7x2-8ROV0/sendMessage "HTTP/1.1 200 OK"
2025-06-05 11:20:50,739 [ERROR] [ZARIAH] DeepSeek failed: Can't parse entities: can't find end of the entity starting at byte offset 94
2025-06-05 11:20:50,740 [INFO] [ZARIAH] /deepseek BTC
2025-06-05 11:20:50,745 [INFO] [ZARIAH] DeepSeek response: {'action': 'SELL', 'confidence': 0.72, 'symbol': 'BTC', 'timestamp': '2025-06-05 11:20:50'}
2025-06-05 11:20:50,870 [INFO] HTTP Request: POST https://api.telegram.org/bot7329634509:AAEmdwnrE9wJ7kwDwGld-AIb1e7x2-8ROV0/sendMessage "HTTP/1.1 400 Bad Request"
2025-06-05 11:20:51,137 [INFO] HTTP Request: POST https://api.telegram.org/bot7329634509:AAEmdwnrE9wJ7kwDwGld-AIb1e7x2-8ROV0/sendMessage "HTTP/1.1 200 OK"
2025-06-05 11:20:51,138 [ERROR] [ZARIAH] DeepSeek failed: Can't parse entities: can't find end of the entity starting at byte offset 94
2025-06-05 11:20:51,139 [INFO] [ZARIAH] /deepseek BTC
2025-06-05 11:20:51,155 [INFO] [ZARIAH] DeepSeek response: {'action': 'BUY', 'confidence': 0.93, 'symbol': 'BTC', 'timestamp': '2025-06-05 11:20:51'}
2025-06-05 11:20:51,278 [INFO] HTTP Request: POST https://api.telegram.org/bot7329634509:AAEmdwnrE9wJ7kwDwGld-AIb1e7x2-8ROV0/sendMessage "HTTP/1.1 400 Bad Request"
2025-06-05 11:20:51,529 [INFO] HTTP Request: POST https://api.telegram.org/bot7329634509:AAEmdwnrE9wJ7kwDwGld-AIb1e7x2-8ROV0/sendMessage "HTTP/1.1 200 OK"
2025-06-05 11:20:51,530 [ERROR] [ZARIAH] DeepSeek failed: Can't parse entities: can't find end of the entity starting at byte offset 93
2025-06-05 11:20:51,530 [INFO] [ZARIAH] /deepseek BTC
2025-06-05 11:20:51,536 [INFO] [ZARIAH] DeepSeek response: {'action': 'BUY', 'confidence': 0.7, 'symbol': 'BTC', 'timestamp': '2025-06-05 11:20:51'}
2025-06-05 11:20:51,662 [INFO] HTTP Request: POST https://api.telegram.org/bot7329634509:AAEmdwnrE9wJ7kwDwGld-AIb1e7x2-8ROV0/sendMessage "HTTP/1.1 400 Bad Request"
2025-06-05 11:20:51,912 [INFO] HTTP Request: POST https://api.telegram.org/bot7329634509:AAEmdwnrE9wJ7kwDwGld-AIb1e7x2-8ROV0/sendMessage "HTTP/1.1 200 OK"
2025-06-05 11:20:51,913 [ERROR] [ZARIAH] DeepSeek failed: Can't parse entities: can't find end of the entity starting at byte offset 93
2025-06-05 11:20:51,913 [INFO] [ZARIAH] /deepseek BTC
2025-06-05 11:20:51,919 [INFO] [ZARIAH] DeepSeek response: {'action': 'BUY', 'confidence': 0.77, 'symbol': 'BTC', 'timestamp': '2025-06-05 11:20:51'}
2025-06-05 11:20:52,048 [INFO] HTTP Request: POST https://api.telegram.org/bot7329634509:AAEmdwnrE9wJ7kwDwGld-AIb1e7x2-8ROV0/sendMessage "HTTP/1.1 400 Bad Request"
2025-06-05 11:20:52,327 [INFO] HTTP Request: POST https://api.telegram.org/bot7329634509:AAEmdwnrE9wJ7kwDwGld-AIb1e7x2-8ROV0/sendMessage "HTTP/1.1 200 OK"
2025-06-05 11:20:52,328 [ERROR] [ZARIAH] DeepSeek failed: Can't parse entities: can't find end of the entity starting at byte offset 93
2025-06-05 11:20:52,328 [INFO] [ZARIAH] /deepseek BTC
2025-06-05 11:20:52,332 [INFO] [ZARIAH] DeepSeek response: {'action': 'BUY', 'confidence': 0.94, 'symbol': 'BTC', 'timestamp': '2025-06-05 11:20:52'}
2025-06-05 11:20:52,459 [INFO] HTTP Request: POST https://api.telegram.org/bot7329634509:AAEmdwnrE9wJ7kwDwGld-AIb1e7x2-8ROV0/sendMessage "HTTP/1.1 400 Bad Request"
2025-06-05 11:20:52,714 [INFO] HTTP Request: POST https://api.telegram.org/bot7329634509:AAEmdwnrE9wJ7kwDwGld-AIb1e7x2-8ROV0/sendMessage "HTTP/1.1 200 OK"
2025-06-05 11:20:52,716 [ERROR] [ZARIAH] DeepSeek failed: Can't parse entities: can't find end of the entity starting at byte offset 93
2025-06-05 11:20:52,716 [INFO] [ZARIAH] /deepseek BTC
2025-06-05 11:20:52,722 [INFO] [ZARIAH] DeepSeek response: {'action': 'SELL', 'confidence': 0.77, 'symbol': 'BTC', 'timestamp': '2025-06-05 11:20:52'}
2025-06-05 11:20:52,847 [INFO] HTTP Request: POST https://api.telegram.org/bot7329634509:AAEmdwnrE9wJ7kwDwGld-AIb1e7x2-8ROV0/sendMessage "HTTP/1.1 400 Bad Request"
2025-06-05 11:20:53,128 [INFO] HTTP Request: POST https://api.telegram.org/bot7329634509:AAEmdwnrE9wJ7kwDwGld-AIb1e7x2-8ROV0/sendMessage "HTTP/1.1 200 OK"
2025-06-05 11:20:53,129 [ERROR] [ZARIAH] DeepSeek failed: Can't parse entities: can't find end of the entity starting at byte offset 94
2025-06-05 11:20:53,130 [INFO] [ZARIAH] /deepseek BTC
2025-06-05 11:20:53,136 [INFO] [ZARIAH] DeepSeek response: {'action': 'BUY', 'confidence': 0.7, 'symbol': 'BTC', 'timestamp': '2025-06-05 11:20:53'}
2025-06-05 11:20:53,265 [INFO] HTTP Request: POST https://api.telegram.org/bot7329634509:AAEmdwnrE9wJ7kwDwGld-AIb1e7x2-8ROV0/sendMessage "HTTP/1.1 400 Bad Request"
2025-06-05 11:20:53,530 [INFO] HTTP Request: POST https://api.telegram.org/bot7329634509:AAEmdwnrE9wJ7kwDwGld-AIb1e7x2-8ROV0/sendMessage "HTTP/1.1 200 OK"
2025-06-05 11:20:53,532 [ERROR] [ZARIAH] DeepSeek failed: Can't parse entities: can't find end of the entity starting at byte offset 93
2025-06-05 11:20:53,532 [INFO] [ZARIAH] /deepseek BTC
2025-06-05 11:20:53,538 [INFO] [ZARIAH] DeepSeek response: {'action': 'SELL', 'confidence': 0.75, 'symbol': 'BTC', 'timestamp': '2025-06-05 11:20:53'}
2025-06-05 11:20:53,668 [INFO] HTTP Request: POST https://api.telegram.org/bot7329634509:AAEmdwnrE9wJ7kwDwGld-AIb1e7x2-8ROV0/sendMessage "HTTP/1.1 400 Bad Request"
2025-06-05 11:20:53,919 [INFO] HTTP Request: POST https://api.telegram.org/bot7329634509:AAEmdwnrE9wJ7kwDwGld-AIb1e7x2-8ROV0/sendMessage "HTTP/1.1 200 OK"
2025-06-05 11:20:53,920 [ERROR] [ZARIAH] DeepSeek failed: Can't parse entities: can't find end of the entity starting at byte offset 94
2025-06-05 11:20:53,920 [INFO] [ZARIAH] /deepseek BTC
2025-06-05 11:20:53,924 [INFO] [ZARIAH] DeepSeek response: {'action': 'BUY', 'confidence': 0.92, 'symbol': 'BTC', 'timestamp': '2025-06-05 11:20:53'}
2025-06-05 11:20:54,051 [INFO] HTTP Request: POST https://api.telegram.org/bot7329634509:AAEmdwnrE9wJ7kwDwGld-AIb1e7x2-8ROV0/sendMessage "HTTP/1.1 400 Bad Request"
2025-06-05 11:20:54,308 [INFO] HTTP Request: POST https://api.telegram.org/bot7329634509:AAEmdwnrE9wJ7kwDwGld-AIb1e7x2-8ROV0/sendMessage "HTTP/1.1 200 OK"
2025-06-05 11:20:54,309 [ERROR] [ZARIAH] DeepSeek failed: Can't parse entities: can't find end of the entity starting at byte offset 93
2025-06-05 11:20:54,310 [INFO] [ZARIAH] /deepseek BTC
2025-06-05 11:20:54,315 [INFO] [ZARIAH] DeepSeek response: {'action': 'BUY', 'confidence': 0.94, 'symbol': 'BTC', 'timestamp': '2025-06-05 11:20:54'}
2025-06-05 11:20:54,445 [INFO] HTTP Request: POST https://api.telegram.org/bot7329634509:AAEmdwnrE9wJ7kwDwGld-AIb1e7x2-8ROV0/sendMessage "HTTP/1.1 400 Bad Request"
2025-06-05 11:20:54,703 [INFO] HTTP Request: POST https://api.telegram.org/bot7329634509:AAEmdwnrE9wJ7kwDwGld-AIb1e7x2-8ROV0/sendMessage "HTTP/1.1 200 OK"
2025-06-05 11:20:54,704 [ERROR] [ZARIAH] DeepSeek failed: Can't parse entities: can't find end of the entity starting at byte offset 93
2025-06-05 11:21:00,142 [INFO] HTTP Request: POST https://api.telegram.org/bot7329634509:AAEmdwnrE9wJ7kwDwGld-AIb1e7x2-8ROV0/getUpdates "HTTP/1.1 200 OK"
2025-06-05 11:21:10,393 [INFO] HTTP Request: POST https://api.telegram.org/bot7329634509:AAEmdwnrE9wJ7kwDwGld-AIb1e7x2-8ROV0/getUpdates "HTTP/1.1 200 OK"
2025-06-05 11:21:20,537 [INFO] HTTP Request: POST https://api.telegram.org/bot7329634509:AAEmdwnrE9wJ7kwDwGld-AIb1e7x2-8ROV0/getUpdates "HTTP/1.1 200 OK"
2025-06-05 11:21:30,682 [INFO] HTTP Request: POST https://api.telegram.org/bot7329634509:AAEmdwnrE9wJ7kwDwGld-AIb1e7x2-8ROV0/getUpdates "HTTP/1.1 200 OK"
2025-06-05 11:21:40,823 [INFO] HTTP Request: POST https://api.telegram.org/bot7329634509:AAEmdwnrE9wJ7kwDwGld-AIb1e7x2-8ROV0/getUpdates "HTTP/1.1 200 OK"
2025-06-05 11:21:50,982 [INFO] HTTP Request: POST https://api.telegram.org/bot7329634509:AAEmdwnrE9wJ7kwDwGld-AIb1e7x2-8ROV0/getUpdates "HTTP/1.1 200 OK"
2025-06-05 11:22:01,122 [INFO] HTTP Request: POST https://api.telegram.org/bot7329634509:AAEmdwnrE9wJ7kwDwGld-AIb1e7x2-8ROV0/getUpdates "HTTP/1.1 200 OK"
2025-06-05 11:22:11,267 [INFO] HTTP Request: POST https://api.telegram.org/bot7329634509:AAEmdwnrE9wJ7kwDwGld-AIb1e7x2-8ROV0/getUpdates "HTTP/1.1 200 OK"
2025-06-05 11:22:21,454 [INFO] HTTP Request: POST https://api.telegram.org/bot7329634509:AAEmdwnrE9wJ7kwDwGld-AIb1e7x2-8ROV0/getUpdates "HTTP/1.1 200 OK"
2025-06-05 11:22:31,601 [INFO] HTTP Request: POST https://api.telegram.org/bot7329634509:AAEmdwnrE9wJ7kwDwGld-AIb1e7x2-8ROV0/getUpdates "HTTP/1.1 200 OK"
2025-06-05 11:22:41,737 [INFO] HTTP Request: POST https://api.telegram.org/bot7329634509:AAEmdwnrE9wJ7kwDwGld-AIb1e7x2-8ROV0/getUpdates "HTTP/1.1 200 OK"
2025-06-05 11:22:51,897 [INFO] HTTP Request: POST https://api.telegram.org/bot7329634509:AAEmdwnrE9wJ7kwDwGld-AIb1e7x2-8ROV0/getUpdates "HTTP/1.1 200 OK"
2025-06-05 11:23:02,043 [INFO] HTTP Request: POST https://api.telegram.org/bot7329634509:AAEmdwnrE9wJ7kwDwGld-AIb1e7x2-8ROV0/getUpdates "HTTP/1.1 200 OK"
2025-06-05 11:23:12,187 [INFO] HTTP Request: POST https://api.telegram.org/bot7329634509:AAEmdwnrE9wJ7kwDwGld-AIb1e7x2-8ROV0/getUpdates "HTTP/1.1 200 OK"
2025-06-05 11:23:22,325 [INFO] HTTP Request: POST https://api.telegram.org/bot7329634509:AAEmdwnrE9wJ7kwDwGld-AIb1e7x2-8ROV0/getUpdates "HTTP/1.1 200 OK"
2025-06-05 11:23:32,524 [INFO] HTTP Request: POST https://api.telegram.org/bot7329634509:AAEmdwnrE9wJ7kwDwGld-AIb1e7x2-8ROV0/getUpdates "HTTP/1.1 200 OK"
2025-06-05 11:23:42,757 [INFO] HTTP Request: POST https://api.telegram.org/bot7329634509:AAEmdwnrE9wJ7kwDwGld-AIb1e7x2-8ROV0/getUpdates "HTTP/1.1 200 OK"
2025-06-05 11:23:52,907 [INFO] HTTP Request: POST https://api.telegram.org/bot7329634509:AAEmdwnrE9wJ7kwDwGld-AIb1e7x2-8ROV0/getUpdates "HTTP/1.1 200 OK"
2025-06-05 11:24:03,134 [INFO] HTTP Request: POST https://api.telegram.org/bot7329634509:AAEmdwnrE9wJ7kwDwGld-AIb1e7x2-8ROV0/getUpdates "HTTP/1.1 200 OK"
2025-06-05 11:24:13,380 [INFO] HTTP Request: POST https://api.telegram.org/bot7329634509:AAEmdwnrE9wJ7kwDwGld-AIb1e7x2-8ROV0/getUpdates "HTTP/1.1 200 OK"
2025-06-05 11:24:23,620 [INFO] HTTP Request: POST https://api.telegram.org/bot7329634509:AAEmdwnrE9wJ7kwDwGld-AIb1e7x2-8ROV0/getUpdates "HTTP/1.1 200 OK"
2025-06-05 11:29:57,298 [INFO] HTTP Request: POST https://api.telegram.org/bot7329634509:AAEmdwnrE9wJ7kwDwGld-AIb1e7x2-8ROV0/getUpdates "HTTP/1.1 200 OK"
2025-06-05 11:30:07,451 [INFO] HTTP Request: POST https://api.telegram.org/bot7329634509:AAEmdwnrE9wJ7kwDwGld-AIb1e7x2-8ROV0/getUpdates "HTTP/1.1 200 OK"
2025-06-05 11:30:17,630 [INFO] HTTP Request: POST https://api.telegram.org/bot7329634509:AAEmdwnrE9wJ7kwDwGld-AIb1e7x2-8ROV0/getUpdates "HTTP/1.1 200 OK"
2025-06-05 11:30:27,768 [INFO] HTTP Request: POST https://api.telegram.org/bot7329634509:AAEmdwnrE9wJ7kwDwGld-AIb1e7x2-8ROV0/getUpdates "HTTP/1.1 200 OK"
2025-06-05 11:30:37,988 [INFO] HTTP Request: POST https://api.telegram.org/bot7329634509:AAEmdwnrE9wJ7kwDwGld-AIb1e7x2-8ROV0/getUpdates "HTTP/1.1 200 OK"
2025-06-05 11:30:48,136 [INFO] HTTP Request: POST https://api.telegram.org/bot7329634509:AAEmdwnrE9wJ7kwDwGld-AIb1e7x2-8ROV0/getUpdates "HTTP/1.1 200 OK"
2025-06-05 11:30:58,284 [INFO] HTTP Request: POST https://api.telegram.org/bot7329634509:AAEmdwnrE9wJ7kwDwGld-AIb1e7x2-8ROV0/getUpdates "HTTP/1.1 200 OK"
2025-06-05 11:31:08,424 [INFO] HTTP Request: POST https://api.telegram.org/bot7329634509:AAEmdwnrE9wJ7kwDwGld-AIb1e7x2-8ROV0/getUpdates "HTTP/1.1 200 OK"
2025-06-05 11:31:18,564 [INFO] HTTP Request: POST https://api.telegram.org/bot7329634509:AAEmdwnrE9wJ7kwDwGld-AIb1e7x2-8ROV0/getUpdates "HTTP/1.1 200 OK"
2025-06-05 11:31:28,703 [INFO] HTTP Request: POST https://api.telegram.org/bot7329634509:AAEmdwnrE9wJ7kwDwGld-AIb1e7x2-8ROV0/getUpdates "HTTP/1.1 200 OK"
2025-06-05 11:31:38,929 [INFO] HTTP Request: POST https://api.telegram.org/bot7329634509:AAEmdwnrE9wJ7kwDwGld-AIb1e7x2-8ROV0/getUpdates "HTTP/1.1 200 OK"
2025-06-05 11:31:49,168 [INFO] HTTP Request: POST https://api.telegram.org/bot7329634509:AAEmdwnrE9wJ7kwDwGld-AIb1e7x2-8ROV0/getUpdates "HTTP/1.1 200 OK"
2025-06-05 11:31:59,306 [INFO] HTTP Request: POST https://api.telegram.org/bot7329634509:AAEmdwnrE9wJ7kwDwGld-AIb1e7x2-8ROV0/getUpdates "HTTP/1.1 200 OK"
2025-06-05 11:32:09,446 [INFO] HTTP Request: POST https://api.telegram.org/bot7329634509:AAEmdwnrE9wJ7kwDwGld-AIb1e7x2-8ROV0/getUpdates "HTTP/1.1 200 OK"
2025-06-05 11:32:19,586 [INFO] HTTP Request: POST https://api.telegram.org/bot7329634509:AAEmdwnrE9wJ7kwDwGld-AIb1e7x2-8ROV0/getUpdates "HTTP/1.1 200 OK"
2025-06-05 11:32:29,726 [INFO] HTTP Request: POST https://api.telegram.org/bot7329634509:AAEmdwnrE9wJ7kwDwGld-AIb1e7x2-8ROV0/getUpdates "HTTP/1.1 200 OK"
2025-06-05 11:32:39,862 [INFO] HTTP Request: POST https://api.telegram.org/bot7329634509:AAEmdwnrE9wJ7kwDwGld-AIb1e7x2-8ROV0/getUpdates "HTTP/1.1 200 OK"
2025-06-05 11:32:49,996 [INFO] HTTP Request: POST https://api.telegram.org/bot7329634509:AAEmdwnrE9wJ7kwDwGld-AIb1e7x2-8ROV0/getUpdates "HTTP/1.1 200 OK"
2025-06-05 11:33:00,243 [INFO] HTTP Request: POST https://api.telegram.org/bot7329634509:AAEmdwnrE9wJ7kwDwGld-AIb1e7x2-8ROV0/getUpdates "HTTP/1.1 200 OK"
2025-06-05 11:33:10,476 [INFO] HTTP Request: POST https://api.telegram.org/bot7329634509:AAEmdwnrE9wJ7kwDwGld-AIb1e7x2-8ROV0/getUpdates "HTTP/1.1 200 OK"
2025-06-05 11:33:20,688 [INFO] HTTP Request: POST https://api.telegram.org/bot7329634509:AAEmdwnrE9wJ7kwDwGld-AIb1e7x2-8ROV0/getUpdates "HTTP/1.1 200 OK"
2025-06-05 11:33:30,837 [INFO] HTTP Request: POST https://api.telegram.org/bot7329634509:AAEmdwnrE9wJ7kwDwGld-AIb1e7x2-8ROV0/getUpdates "HTTP/1.1 200 OK"
2025-06-05 11:33:40,995 [INFO] HTTP Request: POST https://api.telegram.org/bot7329634509:AAEmdwnrE9wJ7kwDwGld-AIb1e7x2-8ROV0/getUpdates "HTTP/1.1 200 OK"
2025-06-05 11:33:51,145 [INFO] HTTP Request: POST https://api.telegram.org/bot7329634509:AAEmdwnrE9wJ7kwDwGld-AIb1e7x2-8ROV0/getUpdates "HTTP/1.1 200 OK"
2025-06-05 11:34:01,292 [INFO] HTTP Request: POST https://api.telegram.org/bot7329634509:AAEmdwnrE9wJ7kwDwGld-AIb1e7x2-8ROV0/getUpdates "HTTP/1.1 200 OK"
2025-06-05 11:34:11,434 [INFO] HTTP Request: POST https://api.telegram.org/bot7329634509:AAEmdwnrE9wJ7kwDwGld-AIb1e7x2-8ROV0/getUpdates "HTTP/1.1 200 OK"
2025-06-05 11:34:21,582 [INFO] HTTP Request: POST https://api.telegram.org/bot7329634509:AAEmdwnrE9wJ7kwDwGld-AIb1e7x2-8ROV0/getUpdates "HTTP/1.1 200 OK"
2025-06-05 11:34:31,788 [INFO] HTTP Request: POST https://api.telegram.org/bot7329634509:AAEmdwnrE9wJ7kwDwGld-AIb1e7x2-8ROV0/getUpdates "HTTP/1.1 200 OK"
2025-06-05 11:34:42,025 [INFO] HTTP Request: POST https://api.telegram.org/bot7329634509:AAEmdwnrE9wJ7kwDwGld-AIb1e7x2-8ROV0/getUpdates "HTTP/1.1 200 OK"
2025-06-05 11:34:52,165 [INFO] HTTP Request: POST https://api.telegram.org/bot7329634509:AAEmdwnrE9wJ7kwDwGld-AIb1e7x2-8ROV0/getUpdates "HTTP/1.1 200 OK"
2025-06-05 11:35:02,302 [INFO] HTTP Request: POST https://api.telegram.org/bot7329634509:AAEmdwnrE9wJ7kwDwGld-AIb1e7x2-8ROV0/getUpdates "HTTP/1.1 200 OK"
2025-06-05 11:35:12,440 [INFO] HTTP Request: POST https://api.telegram.org/bot7329634509:AAEmdwnrE9wJ7kwDwGld-AIb1e7x2-8ROV0/getUpdates "HTTP/1.1 200 OK"
2025-06-05 11:35:22,588 [INFO] HTTP Request: POST https://api.telegram.org/bot7329634509:AAEmdwnrE9wJ7kwDwGld-AIb1e7x2-8ROV0/getUpdates "HTTP/1.1 200 OK"
2025-06-05 11:35:32,730 [INFO] HTTP Request: POST https://api.telegram.org/bot7329634509:AAEmdwnrE9wJ7kwDwGld-AIb1e7x2-8ROV0/getUpdates "HTTP/1.1 200 OK"
2025-06-05 11:35:42,872 [INFO] HTTP Request: POST https://api.telegram.org/bot7329634509:AAEmdwnrE9wJ7kwDwGld-AIb1e7x2-8ROV0/getUpdates "HTTP/1.1 200 OK"
2025-06-05 11:37:15,808 [INFO] HTTP Request: POST https://api.telegram.org/bot7329634509:AAEmdwnrE9wJ7kwDwGld-AIb1e7x2-8ROV0/getUpdates "HTTP/1.1 200 OK"
2025-06-05 11:37:26,035 [INFO] HTTP Request: POST https://api.telegram.org/bot7329634509:AAEmdwnrE9wJ7kwDwGld-AIb1e7x2-8ROV0/getUpdates "HTTP/1.1 200 OK"
2025-06-05 11:37:36,358 [INFO] HTTP Request: POST https://api.telegram.org/bot7329634509:AAEmdwnrE9wJ7kwDwGld-AIb1e7x2-8ROV0/getUpdates "HTTP/1.1 200 OK"
2025-06-05 11:37:46,522 [INFO] HTTP Request: POST https://api.telegram.org/bot7329634509:AAEmdwnrE9wJ7kwDwGld-AIb1e7x2-8ROV0/getUpdates "HTTP/1.1 200 OK"
2025-06-05 11:37:56,704 [INFO] HTTP Request: POST https://api.telegram.org/bot7329634509:AAEmdwnrE9wJ7kwDwGld-AIb1e7x2-8ROV0/getUpdates "HTTP/1.1 200 OK"
2025-06-05 11:38:06,941 [INFO] HTTP Request: POST https://api.telegram.org/bot7329634509:AAEmdwnrE9wJ7kwDwGld-AIb1e7x2-8ROV0/getUpdates "HTTP/1.1 200 OK"
2025-06-05 11:38:17,083 [INFO] HTTP Request: POST https://api.telegram.org/bot7329634509:AAEmdwnrE9wJ7kwDwGld-AIb1e7x2-8ROV0/getUpdates "HTTP/1.1 200 OK"
2025-06-05 11:38:27,310 [INFO] HTTP Request: POST https://api.telegram.org/bot7329634509:AAEmdwnrE9wJ7kwDwGld-AIb1e7x2-8ROV0/getUpdates "HTTP/1.1 200 OK"
2025-06-05 11:38:37,450 [INFO] HTTP Request: POST https://api.telegram.org/bot7329634509:AAEmdwnrE9wJ7kwDwGld-AIb1e7x2-8ROV0/getUpdates "HTTP/1.1 200 OK"
2025-06-05 11:38:47,584 [INFO] HTTP Request: POST https://api.telegram.org/bot7329634509:AAEmdwnrE9wJ7kwDwGld-AIb1e7x2-8ROV0/getUpdates "HTTP/1.1 200 OK"
2025-06-05 11:38:57,720 [INFO] HTTP Request: POST https://api.telegram.org/bot7329634509:AAEmdwnrE9wJ7kwDwGld-AIb1e7x2-8ROV0/getUpdates "HTTP/1.1 200 OK"
2025-06-05 11:39:07,872 [INFO] HTTP Request: POST https://api.telegram.org/bot7329634509:AAEmdwnrE9wJ7kwDwGld-AIb1e7x2-8ROV0/getUpdates "HTTP/1.1 200 OK"
2025-06-05 11:39:18,013 [INFO] HTTP Request: POST https://api.telegram.org/bot7329634509:AAEmdwnrE9wJ7kwDwGld-AIb1e7x2-8ROV0/getUpdates "HTTP/1.1 200 OK"
2025-06-05 11:39:28,244 [INFO] HTTP Request: POST https://api.telegram.org/bot7329634509:AAEmdwnrE9wJ7kwDwGld-AIb1e7x2-8ROV0/getUpdates "HTTP/1.1 200 OK"
2025-06-05 11:39:38,377 [INFO] HTTP Request: POST https://api.telegram.org/bot7329634509:AAEmdwnrE9wJ7kwDwGld-AIb1e7x2-8ROV0/getUpdates "HTTP/1.1 200 OK"
2025-06-05 11:39:45,567 [INFO] HTTP Request: POST https://api.telegram.org/bot7329634509:AAEmdwnrE9wJ7kwDwGld-AIb1e7x2-8ROV0/getUpdates "HTTP/1.1 200 OK"
2025-06-05 11:39:45,569 [INFO] Application is stopping. This might take a moment.
2025-06-05 11:39:45,570 [INFO] Application.stop() complete
2025-06-05 11:39:45,727 [INFO] HTTP Request: POST https://api.telegram.org/bot7329634509:AAEmdwnrE9wJ7kwDwGld-AIb1e7x2-8ROV0/getMe "HTTP/1.1 200 OK"
2025-06-05 11:39:45,853 [INFO] HTTP Request: POST https://api.telegram.org/bot7329634509:AAEmdwnrE9wJ7kwDwGld-AIb1e7x2-8ROV0/deleteWebhook "HTTP/1.1 200 OK"
2025-06-05 11:39:45,854 [INFO] Application started
2025-06-05 11:39:56,240 [INFO] HTTP Request: POST https://api.telegram.org/bot7329634509:AAEmdwnrE9wJ7kwDwGld-AIb1e7x2-8ROV0/getUpdates "HTTP/1.1 200 OK"
2025-06-05 11:40:06,378 [INFO] HTTP Request: POST https://api.telegram.org/bot7329634509:AAEmdwnrE9wJ7kwDwGld-AIb1e7x2-8ROV0/getUpdates "HTTP/1.1 200 OK"
2025-06-05 11:40:16,515 [INFO] HTTP Request: POST https://api.telegram.org/bot7329634509:AAEmdwnrE9wJ7kwDwGld-AIb1e7x2-8ROV0/getUpdates "HTTP/1.1 200 OK"
2025-06-05 11:40:26,659 [INFO] HTTP Request: POST https://api.telegram.org/bot7329634509:AAEmdwnrE9wJ7kwDwGld-AIb1e7x2-8ROV0/getUpdates "HTTP/1.1 200 OK"
2025-06-05 11:40:36,812 [INFO] HTTP Request: POST https://api.telegram.org/bot7329634509:AAEmdwnrE9wJ7kwDwGld-AIb1e7x2-8ROV0/getUpdates "HTTP/1.1 200 OK"
2025-06-05 11:40:47,008 [INFO] HTTP Request: POST https://api.telegram.org/bot7329634509:AAEmdwnrE9wJ7kwDwGld-AIb1e7x2-8ROV0/getUpdates "HTTP/1.1 200 OK"
2025-06-05 11:40:57,224 [INFO] HTTP Request: POST https://api.telegram.org/bot7329634509:AAEmdwnrE9wJ7kwDwGld-AIb1e7x2-8ROV0/getUpdates "HTTP/1.1 200 OK"
2025-06-05 11:41:07,369 [INFO] HTTP Request: POST https://api.telegram.org/bot7329634509:AAEmdwnrE9wJ7kwDwGld-AIb1e7x2-8ROV0/getUpdates "HTTP/1.1 200 OK"
2025-06-05 11:41:17,596 [INFO] HTTP Request: POST https://api.telegram.org/bot7329634509:AAEmdwnrE9wJ7kwDwGld-AIb1e7x2-8ROV0/getUpdates "HTTP/1.1 200 OK"
2025-06-05 11:41:27,728 [INFO] HTTP Request: POST https://api.telegram.org/bot7329634509:AAEmdwnrE9wJ7kwDwGld-AIb1e7x2-8ROV0/getUpdates "HTTP/1.1 200 OK"
2025-06-05 11:41:38,191 [INFO] HTTP Request: POST https://api.telegram.org/bot7329634509:AAEmdwnrE9wJ7kwDwGld-AIb1e7x2-8ROV0/getUpdates "HTTP/1.1 200 OK"
2025-06-05 11:41:48,332 [INFO] HTTP Request: POST https://api.telegram.org/bot7329634509:AAEmdwnrE9wJ7kwDwGld-AIb1e7x2-8ROV0/getUpdates "HTTP/1.1 200 OK"
2025-06-05 11:41:53,366 [INFO] HTTP Request: POST https://api.telegram.org/bot7329634509:AAEmdwnrE9wJ7kwDwGld-AIb1e7x2-8ROV0/getUpdates "HTTP/1.1 200 OK"
2025-06-05 11:41:53,372 [INFO] [ZARIAH] /deepseek BTC
2025-06-05 11:41:53,401 [INFO] [ZARIAH] DeepSeek response: {'action': 'BUY', 'confidence': 0.83, 'symbol': 'BTC', 'timestamp': '2025-06-05 11:41:53'}
2025-06-05 11:41:53,919 [INFO] HTTP Request: POST https://api.telegram.org/bot7329634509:AAEmdwnrE9wJ7kwDwGld-AIb1e7x2-8ROV0/sendMessage "HTTP/1.1 400 Bad Request"
2025-06-05 11:41:54,180 [INFO] HTTP Request: POST https://api.telegram.org/bot7329634509:AAEmdwnrE9wJ7kwDwGld-AIb1e7x2-8ROV0/sendMessage "HTTP/1.1 200 OK"
2025-06-05 11:41:54,181 [ERROR] [ZARIAH] DeepSeek failed: Can't parse entities: can't find end of the entity starting at byte offset 93
2025-06-05 11:42:03,538 [INFO] HTTP Request: POST https://api.telegram.org/bot7329634509:AAEmdwnrE9wJ7kwDwGld-AIb1e7x2-8ROV0/getUpdates "HTTP/1.1 200 OK"
2025-06-05 11:42:13,671 [INFO] HTTP Request: POST https://api.telegram.org/bot7329634509:AAEmdwnrE9wJ7kwDwGld-AIb1e7x2-8ROV0/getUpdates "HTTP/1.1 200 OK"
2025-06-05 11:42:23,807 [INFO] HTTP Request: POST https://api.telegram.org/bot7329634509:AAEmdwnrE9wJ7kwDwGld-AIb1e7x2-8ROV0/getUpdates "HTTP/1.1 200 OK"
2025-06-05 11:42:33,992 [INFO] HTTP Request: POST https://api.telegram.org/bot7329634509:AAEmdwnrE9wJ7kwDwGld-AIb1e7x2-8ROV0/getUpdates "HTTP/1.1 200 OK"
2025-06-05 11:42:44,436 [INFO] HTTP Request: POST https://api.telegram.org/bot7329634509:AAEmdwnrE9wJ7kwDwGld-AIb1e7x2-8ROV0/getUpdates "HTTP/1.1 200 OK"
2025-06-05 11:42:54,596 [INFO] HTTP Request: POST https://api.telegram.org/bot7329634509:AAEmdwnrE9wJ7kwDwGld-AIb1e7x2-8ROV0/getUpdates "HTTP/1.1 200 OK"
2025-06-05 11:43:04,737 [INFO] HTTP Request: POST https://api.telegram.org/bot7329634509:AAEmdwnrE9wJ7kwDwGld-AIb1e7x2-8ROV0/getUpdates "HTTP/1.1 200 OK"
2025-06-05 11:43:14,878 [INFO] HTTP Request: POST https://api.telegram.org/bot7329634509:AAEmdwnrE9wJ7kwDwGld-AIb1e7x2-8ROV0/getUpdates "HTTP/1.1 200 OK"
2025-06-05 11:43:25,029 [INFO] HTTP Request: POST https://api.telegram.org/bot7329634509:AAEmdwnrE9wJ7kwDwGld-AIb1e7x2-8ROV0/getUpdates "HTTP/1.1 200 OK"
2025-06-05 11:43:35,176 [INFO] HTTP Request: POST https://api.telegram.org/bot7329634509:AAEmdwnrE9wJ7kwDwGld-AIb1e7x2-8ROV0/getUpdates "HTTP/1.1 200 OK"
2025-06-05 11:43:45,320 [INFO] HTTP Request: POST https://api.telegram.org/bot7329634509:AAEmdwnrE9wJ7kwDwGld-AIb1e7x2-8ROV0/getUpdates "HTTP/1.1 200 OK"
2025-06-05 11:43:55,459 [INFO] HTTP Request: POST https://api.telegram.org/bot7329634509:AAEmdwnrE9wJ7kwDwGld-AIb1e7x2-8ROV0/getUpdates "HTTP/1.1 200 OK"
2025-06-05 11:44:05,600 [INFO] HTTP Request: POST https://api.telegram.org/bot7329634509:AAEmdwnrE9wJ7kwDwGld-AIb1e7x2-8ROV0/getUpdates "HTTP/1.1 200 OK"
2025-06-05 11:44:15,784 [INFO] HTTP Request: POST https://api.telegram.org/bot7329634509:AAEmdwnrE9wJ7kwDwGld-AIb1e7x2-8ROV0/getUpdates "HTTP/1.1 200 OK"
2025-06-05 11:44:25,922 [INFO] HTTP Request: POST https://api.telegram.org/bot7329634509:AAEmdwnrE9wJ7kwDwGld-AIb1e7x2-8ROV0/getUpdates "HTTP/1.1 200 OK"
2025-06-05 11:44:36,162 [INFO] HTTP Request: POST https://api.telegram.org/bot7329634509:AAEmdwnrE9wJ7kwDwGld-AIb1e7x2-8ROV0/getUpdates "HTTP/1.1 200 OK"
2025-06-05 11:44:46,306 [INFO] HTTP Request: POST https://api.telegram.org/bot7329634509:AAEmdwnrE9wJ7kwDwGld-AIb1e7x2-8ROV0/getUpdates "HTTP/1.1 200 OK"
2025-06-05 11:44:56,546 [INFO] HTTP Request: POST https://api.telegram.org/bot7329634509:AAEmdwnrE9wJ7kwDwGld-AIb1e7x2-8ROV0/getUpdates "HTTP/1.1 200 OK"
2025-06-05 11:45:06,707 [INFO] HTTP Request: POST https://api.telegram.org/bot7329634509:AAEmdwnrE9wJ7kwDwGld-AIb1e7x2-8ROV0/getUpdates "HTTP/1.1 200 OK"
2025-06-05 11:45:16,912 [INFO] HTTP Request: POST https://api.telegram.org/bot7329634509:AAEmdwnrE9wJ7kwDwGld-AIb1e7x2-8ROV0/getUpdates "HTTP/1.1 200 OK"
2025-06-05 11:45:27,055 [INFO] HTTP Request: POST https://api.telegram.org/bot7329634509:AAEmdwnrE9wJ7kwDwGld-AIb1e7x2-8ROV0/getUpdates "HTTP/1.1 200 OK"
2025-06-05 11:45:37,193 [INFO] HTTP Request: POST https://api.telegram.org/bot7329634509:AAEmdwnrE9wJ7kwDwGld-AIb1e7x2-8ROV0/getUpdates "HTTP/1.1 200 OK"
2025-06-05 11:45:47,429 [INFO] HTTP Request: POST https://api.telegram.org/bot7329634509:AAEmdwnrE9wJ7kwDwGld-AIb1e7x2-8ROV0/getUpdates "HTTP/1.1 200 OK"
2025-06-05 11:45:57,583 [INFO] HTTP Request: POST https://api.telegram.org/bot7329634509:AAEmdwnrE9wJ7kwDwGld-AIb1e7x2-8ROV0/getUpdates "HTTP/1.1 200 OK"
2025-06-05 11:46:07,754 [INFO] HTTP Request: POST https://api.telegram.org/bot7329634509:AAEmdwnrE9wJ7kwDwGld-AIb1e7x2-8ROV0/getUpdates "HTTP/1.1 200 OK"
2025-06-05 11:46:17,951 [INFO] HTTP Request: POST https://api.telegram.org/bot7329634509:AAEmdwnrE9wJ7kwDwGld-AIb1e7x2-8ROV0/getUpdates "HTTP/1.1 200 OK"
2025-06-05 11:46:28,091 [INFO] HTTP Request: POST https://api.telegram.org/bot7329634509:AAEmdwnrE9wJ7kwDwGld-AIb1e7x2-8ROV0/getUpdates "HTTP/1.1 200 OK"
2025-06-05 11:46:38,261 [INFO] HTTP Request: POST https://api.telegram.org/bot7329634509:AAEmdwnrE9wJ7kwDwGld-AIb1e7x2-8ROV0/getUpdates "HTTP/1.1 200 OK"
2025-06-05 11:46:48,407 [INFO] HTTP Request: POST https://api.telegram.org/bot7329634509:AAEmdwnrE9wJ7kwDwGld-AIb1e7x2-8ROV0/getUpdates "HTTP/1.1 200 OK"
2025-06-05 11:46:58,546 [INFO] HTTP Request: POST https://api.telegram.org/bot7329634509:AAEmdwnrE9wJ7kwDwGld-AIb1e7x2-8ROV0/getUpdates "HTTP/1.1 200 OK"
2025-06-05 11:47:08,683 [INFO] HTTP Request: POST https://api.telegram.org/bot7329634509:AAEmdwnrE9wJ7kwDwGld-AIb1e7x2-8ROV0/getUpdates "HTTP/1.1 200 OK"
2025-06-05 11:47:18,867 [INFO] HTTP Request: POST https://api.telegram.org/bot7329634509:AAEmdwnrE9wJ7kwDwGld-AIb1e7x2-8ROV0/getUpdates "HTTP/1.1 200 OK"
2025-06-05 11:47:29,017 [INFO] HTTP Request: POST https://api.telegram.org/bot7329634509:AAEmdwnrE9wJ7kwDwGld-AIb1e7x2-8ROV0/getUpdates "HTTP/1.1 200 OK"
2025-06-05 11:47:39,251 [INFO] HTTP Request: POST https://api.telegram.org/bot7329634509:AAEmdwnrE9wJ7kwDwGld-AIb1e7x2-8ROV0/getUpdates "HTTP/1.1 200 OK"
2025-06-05 11:47:49,406 [INFO] HTTP Request: POST https://api.telegram.org/bot7329634509:AAEmdwnrE9wJ7kwDwGld-AIb1e7x2-8ROV0/getUpdates "HTTP/1.1 200 OK"
2025-06-05 11:47:59,550 [INFO] HTTP Request: POST https://api.telegram.org/bot7329634509:AAEmdwnrE9wJ7kwDwGld-AIb1e7x2-8ROV0/getUpdates "HTTP/1.1 200 OK"
2025-06-05 11:48:09,690 [INFO] HTTP Request: POST https://api.telegram.org/bot7329634509:AAEmdwnrE9wJ7kwDwGld-AIb1e7x2-8ROV0/getUpdates "HTTP/1.1 200 OK"
2025-06-05 11:48:19,816 [INFO] HTTP Request: POST https://api.telegram.org/bot7329634509:AAEmdwnrE9wJ7kwDwGld-AIb1e7x2-8ROV0/getUpdates "HTTP/1.1 200 OK"
2025-06-05 11:48:29,952 [INFO] HTTP Request: POST https://api.telegram.org/bot7329634509:AAEmdwnrE9wJ7kwDwGld-AIb1e7x2-8ROV0/getUpdates "HTTP/1.1 200 OK"
2025-06-05 11:48:40,086 [INFO] HTTP Request: POST https://api.telegram.org/bot7329634509:AAEmdwnrE9wJ7kwDwGld-AIb1e7x2-8ROV0/getUpdates "HTTP/1.1 200 OK"
2025-06-05 11:48:50,253 [INFO] HTTP Request: POST https://api.telegram.org/bot7329634509:AAEmdwnrE9wJ7kwDwGld-AIb1e7x2-8ROV0/getUpdates "HTTP/1.1 200 OK"
2025-06-05 11:49:00,386 [INFO] HTTP Request: POST https://api.telegram.org/bot7329634509:AAEmdwnrE9wJ7kwDwGld-AIb1e7x2-8ROV0/getUpdates "HTTP/1.1 200 OK"
2025-06-05 11:49:10,518 [INFO] HTTP Request: POST https://api.telegram.org/bot7329634509:AAEmdwnrE9wJ7kwDwGld-AIb1e7x2-8ROV0/getUpdates "HTTP/1.1 200 OK"
2025-06-05 11:49:20,649 [INFO] HTTP Request: POST https://api.telegram.org/bot7329634509:AAEmdwnrE9wJ7kwDwGld-AIb1e7x2-8ROV0/getUpdates "HTTP/1.1 200 OK"
2025-06-05 11:49:30,791 [INFO] HTTP Request: POST https://api.telegram.org/bot7329634509:AAEmdwnrE9wJ7kwDwGld-AIb1e7x2-8ROV0/getUpdates "HTTP/1.1 200 OK"
2025-06-05 11:49:40,926 [INFO] HTTP Request: POST https://api.telegram.org/bot7329634509:AAEmdwnrE9wJ7kwDwGld-AIb1e7x2-8ROV0/getUpdates "HTTP/1.1 200 OK"
2025-06-05 11:49:51,148 [INFO] HTTP Request: POST https://api.telegram.org/bot7329634509:AAEmdwnrE9wJ7kwDwGld-AIb1e7x2-8ROV0/getUpdates "HTTP/1.1 200 OK"
2025-06-05 11:50:01,302 [INFO] HTTP Request: POST https://api.telegram.org/bot7329634509:AAEmdwnrE9wJ7kwDwGld-AIb1e7x2-8ROV0/getUpdates "HTTP/1.1 200 OK"
2025-06-05 11:50:11,446 [INFO] HTTP Request: POST https://api.telegram.org/bot7329634509:AAEmdwnrE9wJ7kwDwGld-AIb1e7x2-8ROV0/getUpdates "HTTP/1.1 200 OK"
2025-06-05 11:50:21,596 [INFO] HTTP Request: POST https://api.telegram.org/bot7329634509:AAEmdwnrE9wJ7kwDwGld-AIb1e7x2-8ROV0/getUpdates "HTTP/1.1 200 OK"
2025-06-05 11:50:31,740 [INFO] HTTP Request: POST https://api.telegram.org/bot7329634509:AAEmdwnrE9wJ7kwDwGld-AIb1e7x2-8ROV0/getUpdates "HTTP/1.1 200 OK"
2025-06-05 11:50:41,875 [INFO] HTTP Request: POST https://api.telegram.org/bot7329634509:AAEmdwnrE9wJ7kwDwGld-AIb1e7x2-8ROV0/getUpdates "HTTP/1.1 200 OK"
2025-06-05 11:50:52,029 [INFO] HTTP Request: POST https://api.telegram.org/bot7329634509:AAEmdwnrE9wJ7kwDwGld-AIb1e7x2-8ROV0/getUpdates "HTTP/1.1 200 OK"
2025-06-05 11:51:02,178 [INFO] HTTP Request: POST https://api.telegram.org/bot7329634509:AAEmdwnrE9wJ7kwDwGld-AIb1e7x2-8ROV0/getUpdates "HTTP/1.1 200 OK"
2025-06-05 11:51:12,315 [INFO] HTTP Request: POST https://api.telegram.org/bot7329634509:AAEmdwnrE9wJ7kwDwGld-AIb1e7x2-8ROV0/getUpdates "HTTP/1.1 200 OK"
2025-06-05 11:51:22,457 [INFO] HTTP Request: POST https://api.telegram.org/bot7329634509:AAEmdwnrE9wJ7kwDwGld-AIb1e7x2-8ROV0/getUpdates "HTTP/1.1 200 OK"
2025-06-05 11:51:32,598 [INFO] HTTP Request: POST https://api.telegram.org/bot7329634509:AAEmdwnrE9wJ7kwDwGld-AIb1e7x2-8ROV0/getUpdates "HTTP/1.1 200 OK"
2025-06-05 11:51:42,749 [INFO] HTTP Request: POST https://api.telegram.org/bot7329634509:AAEmdwnrE9wJ7kwDwGld-AIb1e7x2-8ROV0/getUpdates "HTTP/1.1 200 OK"
2025-06-05 11:51:52,886 [INFO] HTTP Request: POST https://api.telegram.org/bot7329634509:AAEmdwnrE9wJ7kwDwGld-AIb1e7x2-8ROV0/getUpdates "HTTP/1.1 200 OK"
2025-06-05 11:52:03,033 [INFO] HTTP Request: POST https://api.telegram.org/bot7329634509:AAEmdwnrE9wJ7kwDwGld-AIb1e7x2-8ROV0/getUpdates "HTTP/1.1 200 OK"
2025-06-05 11:52:13,175 [INFO] HTTP Request: POST https://api.telegram.org/bot7329634509:AAEmdwnrE9wJ7kwDwGld-AIb1e7x2-8ROV0/getUpdates "HTTP/1.1 200 OK"
2025-06-05 11:52:23,318 [INFO] HTTP Request: POST https://api.telegram.org/bot7329634509:AAEmdwnrE9wJ7kwDwGld-AIb1e7x2-8ROV0/getUpdates "HTTP/1.1 200 OK"
2025-06-05 11:52:33,476 [INFO] HTTP Request: POST https://api.telegram.org/bot7329634509:AAEmdwnrE9wJ7kwDwGld-AIb1e7x2-8ROV0/getUpdates "HTTP/1.1 200 OK"
2025-06-05 11:52:43,627 [INFO] HTTP Request: POST https://api.telegram.org/bot7329634509:AAEmdwnrE9wJ7kwDwGld-AIb1e7x2-8ROV0/getUpdates "HTTP/1.1 200 OK"
2025-06-05 11:52:53,760 [INFO] HTTP Request: POST https://api.telegram.org/bot7329634509:AAEmdwnrE9wJ7kwDwGld-AIb1e7x2-8ROV0/getUpdates "HTTP/1.1 200 OK"
2025-06-05 11:53:03,906 [INFO] HTTP Request: POST https://api.telegram.org/bot7329634509:AAEmdwnrE9wJ7kwDwGld-AIb1e7x2-8ROV0/getUpdates "HTTP/1.1 200 OK"
2025-06-05 11:53:14,103 [INFO] HTTP Request: POST https://api.telegram.org/bot7329634509:AAEmdwnrE9wJ7kwDwGld-AIb1e7x2-8ROV0/getUpdates "HTTP/1.1 200 OK"
2025-06-05 11:53:24,243 [INFO] HTTP Request: POST https://api.telegram.org/bot7329634509:AAEmdwnrE9wJ7kwDwGld-AIb1e7x2-8ROV0/getUpdates "HTTP/1.1 200 OK"
2025-06-05 11:53:34,375 [INFO] HTTP Request: POST https://api.telegram.org/bot7329634509:AAEmdwnrE9wJ7kwDwGld-AIb1e7x2-8ROV0/getUpdates "HTTP/1.1 200 OK"
2025-06-05 11:53:44,507 [INFO] HTTP Request: POST https://api.telegram.org/bot7329634509:AAEmdwnrE9wJ7kwDwGld-AIb1e7x2-8ROV0/getUpdates "HTTP/1.1 200 OK"
2025-06-05 11:53:54,642 [INFO] HTTP Request: POST https://api.telegram.org/bot7329634509:AAEmdwnrE9wJ7kwDwGld-AIb1e7x2-8ROV0/getUpdates "HTTP/1.1 200 OK"
2025-06-05 11:54:04,791 [INFO] HTTP Request: POST https://api.telegram.org/bot7329634509:AAEmdwnrE9wJ7kwDwGld-AIb1e7x2-8ROV0/getUpdates "HTTP/1.1 200 OK"
2025-06-05 11:57:31,881 [INFO] HTTP Request: POST https://api.telegram.org/bot7329634509:AAEmdwnrE9wJ7kwDwGld-AIb1e7x2-8ROV0/getUpdates "HTTP/1.1 200 OK"
2025-06-05 11:57:42,083 [INFO] HTTP Request: POST https://api.telegram.org/bot7329634509:AAEmdwnrE9wJ7kwDwGld-AIb1e7x2-8ROV0/getUpdates "HTTP/1.1 200 OK"
2025-06-05 11:57:52,228 [INFO] HTTP Request: POST https://api.telegram.org/bot7329634509:AAEmdwnrE9wJ7kwDwGld-AIb1e7x2-8ROV0/getUpdates "HTTP/1.1 200 OK"
2025-06-05 11:58:02,367 [INFO] HTTP Request: POST https://api.telegram.org/bot7329634509:AAEmdwnrE9wJ7kwDwGld-AIb1e7x2-8ROV0/getUpdates "HTTP/1.1 200 OK"
2025-06-05 11:58:12,507 [INFO] HTTP Request: POST https://api.telegram.org/bot7329634509:AAEmdwnrE9wJ7kwDwGld-AIb1e7x2-8ROV0/getUpdates "HTTP/1.1 200 OK"
2025-06-05 11:58:22,642 [INFO] HTTP Request: POST https://api.telegram.org/bot7329634509:AAEmdwnrE9wJ7kwDwGld-AIb1e7x2-8ROV0/getUpdates "HTTP/1.1 200 OK"
2025-06-05 11:58:32,773 [INFO] HTTP Request: POST https://api.telegram.org/bot7329634509:AAEmdwnrE9wJ7kwDwGld-AIb1e7x2-8ROV0/getUpdates "HTTP/1.1 200 OK"
2025-06-05 11:58:43,012 [INFO] HTTP Request: POST https://api.telegram.org/bot7329634509:AAEmdwnrE9wJ7kwDwGld-AIb1e7x2-8ROV0/getUpdates "HTTP/1.1 200 OK"
2025-06-05 11:58:53,164 [INFO] HTTP Request: POST https://api.telegram.org/bot7329634509:AAEmdwnrE9wJ7kwDwGld-AIb1e7x2-8ROV0/getUpdates "HTTP/1.1 200 OK"
2025-06-05 11:59:03,396 [INFO] HTTP Request: POST https://api.telegram.org/bot7329634509:AAEmdwnrE9wJ7kwDwGld-AIb1e7x2-8ROV0/getUpdates "HTTP/1.1 200 OK"
2025-06-05 11:59:13,631 [INFO] HTTP Request: POST https://api.telegram.org/bot7329634509:AAEmdwnrE9wJ7kwDwGld-AIb1e7x2-8ROV0/getUpdates "HTTP/1.1 200 OK"
2025-06-05 11:59:23,760 [INFO] HTTP Request: POST https://api.telegram.org/bot7329634509:AAEmdwnrE9wJ7kwDwGld-AIb1e7x2-8ROV0/getUpdates "HTTP/1.1 200 OK"
2025-06-05 11:59:33,913 [INFO] HTTP Request: POST https://api.telegram.org/bot7329634509:AAEmdwnrE9wJ7kwDwGld-AIb1e7x2-8ROV0/getUpdates "HTTP/1.1 200 OK"
2025-06-05 11:59:44,156 [INFO] HTTP Request: POST https://api.telegram.org/bot7329634509:AAEmdwnrE9wJ7kwDwGld-AIb1e7x2-8ROV0/getUpdates "HTTP/1.1 200 OK"
2025-06-05 11:59:54,294 [INFO] HTTP Request: POST https://api.telegram.org/bot7329634509:AAEmdwnrE9wJ7kwDwGld-AIb1e7x2-8ROV0/getUpdates "HTTP/1.1 200 OK"
2025-06-05 12:00:04,448 [INFO] HTTP Request: POST https://api.telegram.org/bot7329634509:AAEmdwnrE9wJ7kwDwGld-AIb1e7x2-8ROV0/getUpdates "HTTP/1.1 200 OK"
2025-06-05 12:00:14,597 [INFO] HTTP Request: POST https://api.telegram.org/bot7329634509:AAEmdwnrE9wJ7kwDwGld-AIb1e7x2-8ROV0/getUpdates "HTTP/1.1 200 OK"
2025-06-05 12:00:24,741 [INFO] HTTP Request: POST https://api.telegram.org/bot7329634509:AAEmdwnrE9wJ7kwDwGld-AIb1e7x2-8ROV0/getUpdates "HTTP/1.1 200 OK"
2025-06-05 12:00:34,945 [INFO] HTTP Request: POST https://api.telegram.org/bot7329634509:AAEmdwnrE9wJ7kwDwGld-AIb1e7x2-8ROV0/getUpdates "HTTP/1.1 200 OK"
2025-06-05 12:10:03,144 [INFO] HTTP Request: POST https://api.telegram.org/bot7329634509:AAEmdwnrE9wJ7kwDwGld-AIb1e7x2-8ROV0/getUpdates "HTTP/1.1 200 OK"
2025-06-05 12:10:13,298 [INFO] HTTP Request: POST https://api.telegram.org/bot7329634509:AAEmdwnrE9wJ7kwDwGld-AIb1e7x2-8ROV0/getUpdates "HTTP/1.1 200 OK"
2025-06-05 12:10:23,435 [INFO] HTTP Request: POST https://api.telegram.org/bot7329634509:AAEmdwnrE9wJ7kwDwGld-AIb1e7x2-8ROV0/getUpdates "HTTP/1.1 200 OK"
2025-06-05 12:10:33,676 [INFO] HTTP Request: POST https://api.telegram.org/bot7329634509:AAEmdwnrE9wJ7kwDwGld-AIb1e7x2-8ROV0/getUpdates "HTTP/1.1 200 OK"
2025-06-05 12:10:43,932 [INFO] HTTP Request: POST https://api.telegram.org/bot7329634509:AAEmdwnrE9wJ7kwDwGld-AIb1e7x2-8ROV0/getUpdates "HTTP/1.1 200 OK"
2025-06-05 12:10:54,146 [INFO] HTTP Request: POST https://api.telegram.org/bot7329634509:AAEmdwnrE9wJ7kwDwGld-AIb1e7x2-8ROV0/getUpdates "HTTP/1.1 200 OK"
2025-06-05 12:11:04,299 [INFO] HTTP Request: POST https://api.telegram.org/bot7329634509:AAEmdwnrE9wJ7kwDwGld-AIb1e7x2-8ROV0/getUpdates "HTTP/1.1 200 OK"
2025-06-05 12:11:14,439 [INFO] HTTP Request: POST https://api.telegram.org/bot7329634509:AAEmdwnrE9wJ7kwDwGld-AIb1e7x2-8ROV0/getUpdates "HTTP/1.1 200 OK"
2025-06-05 12:11:24,664 [INFO] HTTP Request: POST https://api.telegram.org/bot7329634509:AAEmdwnrE9wJ7kwDwGld-AIb1e7x2-8ROV0/getUpdates "HTTP/1.1 200 OK"
2025-06-05 12:11:34,809 [INFO] HTTP Request: POST https://api.telegram.org/bot7329634509:AAEmdwnrE9wJ7kwDwGld-AIb1e7x2-8ROV0/getUpdates "HTTP/1.1 200 OK"
2025-06-05 12:11:44,997 [INFO] HTTP Request: POST https://api.telegram.org/bot7329634509:AAEmdwnrE9wJ7kwDwGld-AIb1e7x2-8ROV0/getUpdates "HTTP/1.1 200 OK"
2025-06-05 12:11:55,158 [INFO] HTTP Request: POST https://api.telegram.org/bot7329634509:AAEmdwnrE9wJ7kwDwGld-AIb1e7x2-8ROV0/getUpdates "HTTP/1.1 200 OK"
2025-06-05 12:12:05,292 [INFO] HTTP Request: POST https://api.telegram.org/bot7329634509:AAEmdwnrE9wJ7kwDwGld-AIb1e7x2-8ROV0/getUpdates "HTTP/1.1 200 OK"
2025-06-05 12:12:15,430 [INFO] HTTP Request: POST https://api.telegram.org/bot7329634509:AAEmdwnrE9wJ7kwDwGld-AIb1e7x2-8ROV0/getUpdates "HTTP/1.1 200 OK"
2025-06-05 12:12:25,587 [INFO] HTTP Request: POST https://api.telegram.org/bot7329634509:AAEmdwnrE9wJ7kwDwGld-AIb1e7x2-8ROV0/getUpdates "HTTP/1.1 200 OK"
2025-06-05 12:12:35,828 [INFO] HTTP Request: POST https://api.telegram.org/bot7329634509:AAEmdwnrE9wJ7kwDwGld-AIb1e7x2-8ROV0/getUpdates "HTTP/1.1 200 OK"
2025-06-05 12:12:45,961 [INFO] HTTP Request: POST https://api.telegram.org/bot7329634509:AAEmdwnrE9wJ7kwDwGld-AIb1e7x2-8ROV0/getUpdates "HTTP/1.1 200 OK"
2025-06-05 12:12:56,094 [INFO] HTTP Request: POST https://api.telegram.org/bot7329634509:AAEmdwnrE9wJ7kwDwGld-AIb1e7x2-8ROV0/getUpdates "HTTP/1.1 200 OK"
2025-06-05 12:13:06,241 [INFO] HTTP Request: POST https://api.telegram.org/bot7329634509:AAEmdwnrE9wJ7kwDwGld-AIb1e7x2-8ROV0/getUpdates "HTTP/1.1 200 OK"
2025-06-05 12:13:16,378 [INFO] HTTP Request: POST https://api.telegram.org/bot7329634509:AAEmdwnrE9wJ7kwDwGld-AIb1e7x2-8ROV0/getUpdates "HTTP/1.1 200 OK"
2025-06-05 12:13:26,517 [INFO] HTTP Request: POST https://api.telegram.org/bot7329634509:AAEmdwnrE9wJ7kwDwGld-AIb1e7x2-8ROV0/getUpdates "HTTP/1.1 200 OK"
2025-06-05 12:13:36,665 [INFO] HTTP Request: POST https://api.telegram.org/bot7329634509:AAEmdwnrE9wJ7kwDwGld-AIb1e7x2-8ROV0/getUpdates "HTTP/1.1 200 OK"
2025-06-05 12:13:46,802 [INFO] HTTP Request: POST https://api.telegram.org/bot7329634509:AAEmdwnrE9wJ7kwDwGld-AIb1e7x2-8ROV0/getUpdates "HTTP/1.1 200 OK"
2025-06-05 12:13:56,946 [INFO] HTTP Request: POST https://api.telegram.org/bot7329634509:AAEmdwnrE9wJ7kwDwGld-AIb1e7x2-8ROV0/getUpdates "HTTP/1.1 200 OK"
2025-06-05 12:14:07,093 [INFO] HTTP Request: POST https://api.telegram.org/bot7329634509:AAEmdwnrE9wJ7kwDwGld-AIb1e7x2-8ROV0/getUpdates "HTTP/1.1 200 OK"
2025-06-05 12:14:17,236 [INFO] HTTP Request: POST https://api.telegram.org/bot7329634509:AAEmdwnrE9wJ7kwDwGld-AIb1e7x2-8ROV0/getUpdates "HTTP/1.1 200 OK"
2025-06-05 12:14:27,377 [INFO] HTTP Request: POST https://api.telegram.org/bot7329634509:AAEmdwnrE9wJ7kwDwGld-AIb1e7x2-8ROV0/getUpdates "HTTP/1.1 200 OK"
2025-06-05 12:14:37,586 [INFO] HTTP Request: POST https://api.telegram.org/bot7329634509:AAEmdwnrE9wJ7kwDwGld-AIb1e7x2-8ROV0/getUpdates "HTTP/1.1 200 OK"
2025-06-05 12:14:47,735 [INFO] HTTP Request: POST https://api.telegram.org/bot7329634509:AAEmdwnrE9wJ7kwDwGld-AIb1e7x2-8ROV0/getUpdates "HTTP/1.1 200 OK"
2025-06-05 12:14:57,877 [INFO] HTTP Request: POST https://api.telegram.org/bot7329634509:AAEmdwnrE9wJ7kwDwGld-AIb1e7x2-8ROV0/getUpdates "HTTP/1.1 200 OK"
2025-06-05 12:15:08,010 [INFO] HTTP Request: POST https://api.telegram.org/bot7329634509:AAEmdwnrE9wJ7kwDwGld-AIb1e7x2-8ROV0/getUpdates "HTTP/1.1 200 OK"
2025-06-05 12:15:18,198 [INFO] HTTP Request: POST https://api.telegram.org/bot7329634509:AAEmdwnrE9wJ7kwDwGld-AIb1e7x2-8ROV0/getUpdates "HTTP/1.1 200 OK"
2025-06-05 12:15:28,343 [INFO] HTTP Request: POST https://api.telegram.org/bot7329634509:AAEmdwnrE9wJ7kwDwGld-AIb1e7x2-8ROV0/getUpdates "HTTP/1.1 200 OK"
2025-06-05 12:15:38,481 [INFO] HTTP Request: POST https://api.telegram.org/bot7329634509:AAEmdwnrE9wJ7kwDwGld-AIb1e7x2-8ROV0/getUpdates "HTTP/1.1 200 OK"
2025-06-05 12:15:48,661 [INFO] HTTP Request: POST https://api.telegram.org/bot7329634509:AAEmdwnrE9wJ7kwDwGld-AIb1e7x2-8ROV0/getUpdates "HTTP/1.1 200 OK"
2025-06-05 12:15:58,903 [INFO] HTTP Request: POST https://api.telegram.org/bot7329634509:AAEmdwnrE9wJ7kwDwGld-AIb1e7x2-8ROV0/getUpdates "HTTP/1.1 200 OK"
2025-06-05 12:16:09,043 [INFO] HTTP Request: POST https://api.telegram.org/bot7329634509:AAEmdwnrE9wJ7kwDwGld-AIb1e7x2-8ROV0/getUpdates "HTTP/1.1 200 OK"
2025-06-05 12:16:19,271 [INFO] HTTP Request: POST https://api.telegram.org/bot7329634509:AAEmdwnrE9wJ7kwDwGld-AIb1e7x2-8ROV0/getUpdates "HTTP/1.1 200 OK"
2025-06-05 12:16:29,411 [INFO] HTTP Request: POST https://api.telegram.org/bot7329634509:AAEmdwnrE9wJ7kwDwGld-AIb1e7x2-8ROV0/getUpdates "HTTP/1.1 200 OK"
2025-06-05 12:16:39,658 [INFO] HTTP Request: POST https://api.telegram.org/bot7329634509:AAEmdwnrE9wJ7kwDwGld-AIb1e7x2-8ROV0/getUpdates "HTTP/1.1 200 OK"
2025-06-05 12:16:49,836 [INFO] HTTP Request: POST https://api.telegram.org/bot7329634509:AAEmdwnrE9wJ7kwDwGld-AIb1e7x2-8ROV0/getUpdates "HTTP/1.1 200 OK"
2025-06-05 12:17:00,048 [INFO] HTTP Request: POST https://api.telegram.org/bot7329634509:AAEmdwnrE9wJ7kwDwGld-AIb1e7x2-8ROV0/getUpdates "HTTP/1.1 200 OK"
2025-06-05 12:17:10,217 [INFO] HTTP Request: POST https://api.telegram.org/bot7329634509:AAEmdwnrE9wJ7kwDwGld-AIb1e7x2-8ROV0/getUpdates "HTTP/1.1 200 OK"
2025-06-05 12:17:20,352 [INFO] HTTP Request: POST https://api.telegram.org/bot7329634509:AAEmdwnrE9wJ7kwDwGld-AIb1e7x2-8ROV0/getUpdates "HTTP/1.1 200 OK"
2025-06-05 12:17:30,488 [INFO] HTTP Request: POST https://api.telegram.org/bot7329634509:AAEmdwnrE9wJ7kwDwGld-AIb1e7x2-8ROV0/getUpdates "HTTP/1.1 200 OK"
2025-06-05 12:17:40,677 [INFO] HTTP Request: POST https://api.telegram.org/bot7329634509:AAEmdwnrE9wJ7kwDwGld-AIb1e7x2-8ROV0/getUpdates "HTTP/1.1 200 OK"
2025-06-05 12:17:50,915 [INFO] HTTP Request: POST https://api.telegram.org/bot7329634509:AAEmdwnrE9wJ7kwDwGld-AIb1e7x2-8ROV0/getUpdates "HTTP/1.1 200 OK"
2025-06-05 12:18:01,056 [INFO] HTTP Request: POST https://api.telegram.org/bot7329634509:AAEmdwnrE9wJ7kwDwGld-AIb1e7x2-8ROV0/getUpdates "HTTP/1.1 200 OK"
2025-06-05 12:18:11,297 [INFO] HTTP Request: POST https://api.telegram.org/bot7329634509:AAEmdwnrE9wJ7kwDwGld-AIb1e7x2-8ROV0/getUpdates "HTTP/1.1 200 OK"
2025-06-05 12:18:21,465 [INFO] HTTP Request: POST https://api.telegram.org/bot7329634509:AAEmdwnrE9wJ7kwDwGld-AIb1e7x2-8ROV0/getUpdates "HTTP/1.1 200 OK"
2025-06-05 12:18:31,640 [INFO] HTTP Request: POST https://api.telegram.org/bot7329634509:AAEmdwnrE9wJ7kwDwGld-AIb1e7x2-8ROV0/getUpdates "HTTP/1.1 200 OK"
2025-06-05 12:27:16,131 [INFO] HTTP Request: POST https://api.telegram.org/bot7329634509:AAEmdwnrE9wJ7kwDwGld-AIb1e7x2-8ROV0/getUpdates "HTTP/1.1 200 OK"
2025-06-05 12:27:26,656 [INFO] HTTP Request: POST https://api.telegram.org/bot7329634509:AAEmdwnrE9wJ7kwDwGld-AIb1e7x2-8ROV0/getUpdates "HTTP/1.1 200 OK"
2025-06-05 12:27:26,659 [INFO] Application is stopping. This might take a moment.
2025-06-05 12:27:26,660 [INFO] Application.stop() complete
2025-06-05 16:11:00,694 - httpx - INFO - HTTP Request: POST https://api.telegram.org/bot7538838886:AAEmdwnrE9wJ7kwDwGld-AIb1e7x2-8ROV0/getMe "HTTP/1.1 401 Unauthorized"
2025-06-05 16:11:00,697 - telegram.ext - ERROR - Network Retry Loop (Bootstrap Initialize Application): Invalid token. Aborting retry loop.
Traceback (most recent call last):
  File "/Users/kareemauguste/Documents/EmpireBot/venv/lib/python3.13/site-packages/telegram/_bot.py", line 844, in initialize
    await self.get_me()
  File "/Users/kareemauguste/Documents/EmpireBot/venv/lib/python3.13/site-packages/telegram/ext/_extbot.py", line 1980, in get_me
    return await super().get_me(
           ^^^^^^^^^^^^^^^^^^^^^
    ...<5 lines>...
    )
    ^
  File "/Users/kareemauguste/Documents/EmpireBot/venv/lib/python3.13/site-packages/telegram/_bot.py", line 975, in get_me
    result = await self._post(
             ^^^^^^^^^^^^^^^^^
    ...<6 lines>...
    )
    ^
  File "/Users/kareemauguste/Documents/EmpireBot/venv/lib/python3.13/site-packages/telegram/_bot.py", line 697, in _post
    return await self._do_post(
           ^^^^^^^^^^^^^^^^^^^^
    ...<6 lines>...
    )
    ^
  File "/Users/kareemauguste/Documents/EmpireBot/venv/lib/python3.13/site-packages/telegram/ext/_extbot.py", line 369, in _do_post
    return await super()._do_post(
           ^^^^^^^^^^^^^^^^^^^^^^^
    ...<6 lines>...
    )
    ^
  File "/Users/kareemauguste/Documents/EmpireBot/venv/lib/python3.13/site-packages/telegram/_bot.py", line 726, in _do_post
    result = await request.post(
             ^^^^^^^^^^^^^^^^^^^
    ...<6 lines>...
    )
    ^
  File "/Users/kareemauguste/Documents/EmpireBot/venv/lib/python3.13/site-packages/telegram/request/_baserequest.py", line 197, in post
    result = await self._request_wrapper(
             ^^^^^^^^^^^^^^^^^^^^^^^^^^^^
    ...<7 lines>...
    )
    ^
  File "/Users/kareemauguste/Documents/EmpireBot/venv/lib/python3.13/site-packages/telegram/request/_baserequest.py", line 351, in _request_wrapper
    raise InvalidToken(message)
telegram.error.InvalidToken: Unauthorized

The above exception was the direct cause of the following exception:

Traceback (most recent call last):
  File "/Users/kareemauguste/Documents/EmpireBot/venv/lib/python3.13/site-packages/telegram/ext/_utils/networkloop.py", line 115, in network_retry_loop
    if not await do_action():
           ^^^^^^^^^^^^^^^^^
  File "/Users/kareemauguste/Documents/EmpireBot/venv/lib/python3.13/site-packages/telegram/ext/_utils/networkloop.py", line 93, in do_action
    return await action_cb()
           ^^^^^^^^^^^^^^^^^
  File "/Users/kareemauguste/Documents/EmpireBot/venv/lib/python3.13/site-packages/telegram/ext/_application.py", line 486, in initialize
    await self.bot.initialize()
  File "/Users/kareemauguste/Documents/EmpireBot/venv/lib/python3.13/site-packages/telegram/ext/_extbot.py", line 315, in initialize
    await super().initialize()
  File "/Users/kareemauguste/Documents/EmpireBot/venv/lib/python3.13/site-packages/telegram/_bot.py", line 846, in initialize
    raise InvalidToken(f"The token `{self._token}` was rejected by the server.") from exc
telegram.error.InvalidToken: The token `7538838886:AAEmdwnrE9wJ7kwDwGld-AIb1e7x2-8ROV0` was rejected by the server.
